#
# A fatal error has been detected by the Java Runtime Environment:
#
#  EXCEPTION_ILLEGAL_INSTRUCTION (0xc000001d) at pc=0x00007ffbbdbc69f2, pid=7808, tid=6292
#
# JRE version: OpenJDK Runtime Environment Corretto-21.0.7.6.1 (21.0.7+6) (build 21.0.7+6-LTS)
# Java VM: OpenJDK 64-Bit Server VM Corretto-21.0.7.6.1 (21.0.7+6-LTS, mixed mode, sharing, tiered, compressed oops, compressed class ptrs, g1 gc, windows-amd64)
# Problematic frame:
# V  [jvm.dll+0x1769f2]
#
# No core dump will be written. Minidumps are not enabled by default on client versions of Windows
#
# If you would like to submit a bug report, please visit:
#   https://github.com/corretto/corretto-21/issues/
#

---------------  S U M M A R Y ------------

Command Line: -javaagent:C:\Program Files\JetBrains\IntelliJ IDEA Community Edition 2025.1.3\lib\idea_rt.jar=56241 -Dfile.encoding=UTF-8 -Dsun.stdout.encoding=UTF-8 -Dsun.stderr.encoding=UTF-8 gr.aueb.cf.App

Host: Intel(R) Core(TM) i7-7700K CPU @ 4.20GHz, 8 cores, 31G,  Windows 11 , 64 bit Build 26100 (10.0.26100.4484)
Time: Wed Jul  2 20:47:24 2025 GTB Daylight Time elapsed time: 0.810016 seconds (0d 0h 0m 0s)

---------------  T H R E A D  ---------------

Current thread (0x0000013c50134ac0):  JavaThread "C1 CompilerThread0" daemon [_thread_in_native, id=6292, stack(0x0000002eea200000,0x0000002eea300000) (1024K)]


Current CompileTask:
C1:810 1320   !   3       java.lang.invoke.MethodHandle::setVarargs (50 bytes)

Stack: [0x0000002eea200000,0x0000002eea300000],  sp=0x0000002eea2fe390,  free space=1016k
Native frames: (J=compiled Java code, j=interpreted, Vv=VM code, C=native code)
V  [jvm.dll+0x1769f2]
V  [jvm.dll+0x173ec8]
V  [jvm.dll+0x173787]
V  [jvm.dll+0x1735be]
V  [jvm.dll+0x156501]
V  [jvm.dll+0x156074]
V  [jvm.dll+0x156246]
V  [jvm.dll+0x1555bf]
V  [jvm.dll+0x1573e1]
V  [jvm.dll+0x25d3d9]
V  [jvm.dll+0x25b98b]
V  [jvm.dll+0x3faea6]
V  [jvm.dll+0x85f998]
V  [jvm.dll+0x6d902d]
C  [ucrtbase.dll+0x37b0]
C  [KERNEL32.DLL+0x2e8d7]
C  [ntdll.dll+0x3c34c]


siginfo: EXCEPTION_ILLEGAL_INSTRUCTION (0xc000001d)


Registers:
RAX=0x0000013c3c102b25, RBX=0x0000002eea2fe560, RCX=0x0000002eea2fe968, RDX=0x0000000000000001
RSP=0x0000002eea2fe390, RBP=0x0000002eea2fe411, RSI=0x0000013c9612a880, RDI=0x0000013c9612a86c
R8 =0x0000000000000001, R9 =0x0000013c9612a868, R10=0x0000013c966988e8, R11=0x0000002eea2fe408
R12=0x0000000000000034, R13=0x0000013c509e1e88, R14=0x0000013c966250d0, R15=0x0000000000000023
RIP=0x00007ffbbdbc69f2, EFLAGS=0x0000000000010206

XMM[0]=0x0000000000000000 0x0000000000000000
XMM[1]=0x2806faa97c01310a 0x60002805fc8b7c01
XMM[2]=0x0000000000000000 0x0000000000000000
XMM[3]=0x0000000000000000 0x0000000000000000
XMM[4]=0x0000000000000000 0x0000000000000000
XMM[5]=0x0000000000000000 0x000000000000310a
XMM[6]=0x0000000000000000 0x0000000000000000
XMM[7]=0x0000000000000000 0x0000000000000000
XMM[8]=0x0000000000000000 0x0000000000000000
XMM[9]=0x0000000000000000 0x0000000000000000
XMM[10]=0x0000000000000000 0x0000000000000000
XMM[11]=0x0000000000000000 0x0000000000000000
XMM[12]=0x0000000000000000 0x0000000000000000
XMM[13]=0x0000000000000000 0x0000000000000000
XMM[14]=0x0000000000000000 0x0000000000000000
XMM[15]=0x0000000000000000 0x0000000000000000
  MXCSR=0x00001fa0


Register to memory mapping:

RAX=0x0000013c3c102b25 is at code_begin+2085 in 
[CodeBlob (0x0000013c3c102290)]
Framesize: 0
BufferBlob (0x0000013c3c102290) used for C1 temporary CodeBuffer
RBX=0x0000002eea2fe560 is pointing into the stack for thread: 0x0000013c50134ac0
RCX=0x0000002eea2fe968 is pointing into the stack for thread: 0x0000013c50134ac0
RDX=0x0000000000000001 is an unknown value
RSP=0x0000002eea2fe390 is pointing into the stack for thread: 0x0000013c50134ac0
RBP=0x0000002eea2fe411 is pointing into the stack for thread: 0x0000013c50134ac0
RSI=0x0000013c9612a880 points into unknown readable memory: 0x00007ffbbe447b28 | 28 7b 44 be fb 7f 00 00
RDI=0x0000013c9612a86c points into unknown readable memory: fb 7f 00 00
R8 =0x0000000000000001 is an unknown value
R9 =0x0000013c9612a868 points into unknown readable memory: 0x00007ffb3c102b25 | 25 2b 10 3c fb 7f 00 00
R10=0x0000013c966988e8 points into unknown readable memory: 0x00007ffbbe450240 | 40 02 45 be fb 7f 00 00
R11=0x0000002eea2fe408 is pointing into the stack for thread: 0x0000013c50134ac0
R12=0x0000000000000034 is an unknown value
R13=0x0000013c509e1e88 points into unknown readable memory: 0x0000004000000034 | 34 00 00 00 40 00 00 00
R14=0x0000013c966250d0 points into unknown readable memory: 0x0000001c00000019 | 19 00 00 00 1c 00 00 00
R15=0x0000000000000023 is an unknown value

Top of Stack: (sp=0x0000002eea2fe390)
0x0000002eea2fe390:   0000002eea2fe560 0000013c9612a880
0x0000002eea2fe3a0:   00000000000000cc 00007ffbbe3bb0f8
0x0000002eea2fe3b0:   0000000900000009 ffffffff00000000
0x0000002eea2fe3c0:   ffffffff00000009 0000010000000110
0x0000002eea2fe3d0:   00001b47ac626d70 00001b47ac626cb0
0x0000002eea2fe3e0:   0000000000000021 00007ffbbda50000
0x0000002eea2fe3f0:   000000000001c00b 0000002eea2fe560
0x0000002eea2fe400:   000000000000000a 00007ffbbdbc433b
0x0000002eea2fe410:   0000013c966988e8 000000000001c00b
0x0000002eea2fe420:   0000013c509e1e88 0000013c9612a618
0x0000002eea2fe430:   0000000000000000 0000000000000000
0x0000002eea2fe440:   00001b47ac626d00 00001b47ac626df0
0x0000002eea2fe450:   0000013c9612a880 0000002eea2fe560
0x0000002eea2fe460:   0000000000000019 00007ffbbdbc3ec8
0x0000002eea2fe470:   0000002eea2fe560 0000002eea2fe560
0x0000002eea2fe480:   000000000001c00b 0000013c9612a868
0x0000002eea2fe490:   0000013c9612a880 0000000000000000
0x0000002eea2fe4a0:   0000013c966250d0 0000000000000018
0x0000002eea2fe4b0:   0000000000000018 00007ffbbdbc3787
0x0000002eea2fe4c0:   0000013c9612a200 0000013c9612a880
0x0000002eea2fe4d0:   0000002eea2fe560 0000002eea2fe560
0x0000002eea2fe4e0:   0000013c3c102290 0000013c966250d0
0x0000002eea2fe4f0:   0000002eea2fefa0 0000013c2c462180
0x0000002eea2fe500:   0000002eea2fe560 00007ffbbdbc35be
0x0000002eea2fe510:   0000000000000019 0000013c50969950
0x0000002eea2fe520:   0000000000000018 000004000000029f
0x0000002eea2fe530:   00007ffbbe688560 00007ffbbdba6501
0x0000002eea2fe540:   0000013c966988e8 0000002eea2fe908
0x0000002eea2fe550:   0000002eea2fe830 0000000000000000
0x0000002eea2fe560:   0000013c966988e8 0000013c96698918
0x0000002eea2fe570:   0000002eea2fe830 0000013c50b20bb8
0x0000002eea2fe580:   0000000000000000 0000000000000000 

Instructions: (pc=0x00007ffbbdbc69f2)
0x00007ffbbdbc68f2:   5c 24 10 4c 89 4c 24 20 4c 89 44 24 18 55 56 57
0x00007ffbbdbc6902:   48 8d 6c 24 c1 48 81 ec c0 00 00 00 48 8b 05 13
0x00007ffbbdbc6912:   e9 ae 00 48 33 c4 48 89 45 37 48 8b 75 7f 49 8b
0x00007ffbbdbc6922:   c0 25 87 01 00 00 48 8b d9 48 83 f8 03 0f 85 fa
0x00007ffbbdbc6932:   01 00 00 48 8d 55 af 48 8d 4d 6f e8 1e 96 ff ff
0x00007ffbbdbc6942:   48 8b 4d 77 48 8b c1 25 87 01 00 00 48 83 f8 03
0x00007ffbbdbc6952:   75 43 48 8d 4d 6f e8 e3 f6 fb ff 83 c0 f4 48 8d
0x00007ffbbdbc6962:   55 b3 48 8d 4d 77 83 f8 01 77 15 e8 ee 95 ff ff
0x00007ffbbdbc6972:   8b 55 af 48 8b 0b 44 8b 00 e8 90 6c 4b 00 eb 6a
0x00007ffbbdbc6982:   e8 d9 95 ff ff 8b 55 af 48 8b 0b 44 8b 00 e8 cb
0x00007ffbbdbc6992:   3a f6 ff eb 55 0f b6 c1 24 07 3c 01 75 6b 48 8d
0x00007ffbbdbc69a2:   4d 6f e8 97 f6 fb ff 44 8b 45 77 48 8d 55 bf 48
0x00007ffbbdbc69b2:   8b 4b 18 83 c0 f4 41 c1 e8 0e 45 33 c9 83 f8 01
0x00007ffbbdbc69c2:   76 15 e8 67 df ff ff 8b 55 af 4c 8b c0 48 8b 0b
0x00007ffbbdbc69d2:   e8 89 3b f6 ff eb 13 e8 52 df ff ff 8b 55 af 4c
0x00007ffbbdbc69e2:   8b c0 48 8b 0b e8 b4 6c 4b 00 48 8b 4d 37 48 33
0x00007ffbbdbc69f2:   cc e8 38 03 7e 00 48 8b 9c 24 e8 00 00 00 48 81
0x00007ffbbdbc6a02:   c4 c0 00 00 00 5f 5e 5d c3 0f b6 c1 f6 d0 a8 01
0x00007ffbbdbc6a12:   0f 84 b6 00 00 00 48 8b 01 ff 10 48 8b 4d 77 48
0x00007ffbbdbc6a22:   85 c0 0f 84 a4 00 00 00 48 8b 01 ff 10 48 8b c8
0x00007ffbbdbc6a32:   48 8b f8 48 8b 10 ff 52 10 83 f8 0a 75 20 44 8b
0x00007ffbbdbc6a42:   47 10 48 8b 0b 8b 55 af 45 85 c0 75 0a 44 8b c2
0x00007ffbbdbc6a52:   e8 09 e7 f9 ff eb 93 e8 62 3a f6 ff eb 8c 48 8b
0x00007ffbbdbc6a62:   07 48 8b cf ff 50 10 83 f8 11 75 1e 48 83 7f 10
0x00007ffbbdbc6a72:   00 0f 85 08 05 00 00 8b 55 af 44 8b c2 48 8b 0b
0x00007ffbbdbc6a82:   e8 19 d3 4c 00 e9 60 ff ff ff 48 8b 07 48 8b cf
0x00007ffbbdbc6a92:   ff 50 10 83 c0 f4 83 f8 01 0f 87 f2 04 00 00 4c
0x00007ffbbdbc6aa2:   8b 47 10 48 8b 0b 8b 55 af 4d 85 c0 75 0d 44 8b
0x00007ffbbdbc6ab2:   c2 e8 e8 d2 4c 00 e9 2f ff ff ff 44 8b 0d 24 15
0x00007ffbbdbc6ac2:   89 00 e8 57 6b 4b 00 e9 1e ff ff ff 0f b6 c1 f6
0x00007ffbbdbc6ad2:   d0 a8 01 0f 84 ec 04 00 00 48 8b 01 ff 50 08 48
0x00007ffbbdbc6ae2:   85 c0 0f 84 dd 04 00 00 48 8b 56 18 48 85 d2 74 


Stack slot to memory mapping:

stack at sp + 0 slots: 0x0000002eea2fe560 is pointing into the stack for thread: 0x0000013c50134ac0
stack at sp + 1 slots: 0x0000013c9612a880 points into unknown readable memory: 0x00007ffbbe447b28 | 28 7b 44 be fb 7f 00 00
stack at sp + 2 slots: 0x00000000000000cc is an unknown value
stack at sp + 3 slots: 0x00007ffbbe3bb0f8 jvm.dll
stack at sp + 4 slots: 0x0000000900000009 is an unknown value
stack at sp + 5 slots: 0xffffffff00000000 is an unknown value
stack at sp + 6 slots: 0xffffffff00000009 is an unknown value
stack at sp + 7 slots: 0x0000010000000110 is an unknown value


---------------  P R O C E S S  ---------------

Threads class SMR info:
_java_thread_list=0x0000013c968a5730, length=14, elements={
0x0000013c2c459fb0, 0x0000013c50121910, 0x0000013c50122560, 0x0000013c501266f0,
0x0000013c501296e0, 0x0000013c5012a8d0, 0x0000013c5012cc00, 0x0000013c50133760,
0x0000013c50134ac0, 0x0000013c500f1db0, 0x0000013c50b02a80, 0x0000013c50c0cc30,
0x0000013c50ca4c50, 0x0000013c968b9d40
}

Java Threads: ( => current thread )
  0x0000013c2c459fb0 JavaThread "main"                              [_thread_in_Java, id=18412, stack(0x0000002ee9300000,0x0000002ee9400000) (1024K)]
  0x0000013c50121910 JavaThread "Reference Handler"          daemon [_thread_blocked, id=12128, stack(0x0000002ee9b00000,0x0000002ee9c00000) (1024K)]
  0x0000013c50122560 JavaThread "Finalizer"                  daemon [_thread_blocked, id=10964, stack(0x0000002ee9c00000,0x0000002ee9d00000) (1024K)]
  0x0000013c501266f0 JavaThread "Signal Dispatcher"          daemon [_thread_blocked, id=15860, stack(0x0000002ee9d00000,0x0000002ee9e00000) (1024K)]
  0x0000013c501296e0 JavaThread "Attach Listener"            daemon [_thread_blocked, id=4208, stack(0x0000002ee9e00000,0x0000002ee9f00000) (1024K)]
  0x0000013c5012a8d0 JavaThread "Service Thread"             daemon [_thread_blocked, id=4888, stack(0x0000002ee9f00000,0x0000002eea000000) (1024K)]
  0x0000013c5012cc00 JavaThread "Monitor Deflation Thread"   daemon [_thread_blocked, id=17832, stack(0x0000002eea000000,0x0000002eea100000) (1024K)]
  0x0000013c50133760 JavaThread "C2 CompilerThread0"         daemon [_thread_in_vm, id=15140, stack(0x0000002eea100000,0x0000002eea200000) (1024K)]
=>0x0000013c50134ac0 JavaThread "C1 CompilerThread0"         daemon [_thread_in_native, id=6292, stack(0x0000002eea200000,0x0000002eea300000) (1024K)]
  0x0000013c500f1db0 JavaThread "Common-Cleaner"             daemon [_thread_blocked, id=14888, stack(0x0000002eea300000,0x0000002eea400000) (1024K)]
  0x0000013c50b02a80 JavaThread "C2 CompilerThread1"         daemon [_thread_in_native, id=11688, stack(0x0000002eea400000,0x0000002eea500000) (1024K)]
  0x0000013c50c0cc30 JavaThread "Monitor Ctrl-Break"         daemon [_thread_in_native, id=6712, stack(0x0000002eea500000,0x0000002eea600000) (1024K)]
  0x0000013c50ca4c50 JavaThread "Notification Thread"        daemon [_thread_blocked, id=10460, stack(0x0000002eea600000,0x0000002eea700000) (1024K)]
  0x0000013c968b9d40 JavaThread "mysql-cj-abandoned-connection-cleanup" daemon [_thread_blocked, id=17416, stack(0x0000002eeae00000,0x0000002eeaf00000) (1024K)]
Total: 14

Other Threads:
  0x0000013c50100d20 VMThread "VM Thread"                           [id=5184, stack(0x0000002ee9a00000,0x0000002ee9b00000) (1024K)]
  0x0000013c500f1420 WatcherThread "VM Periodic Task Thread"        [id=2460, stack(0x0000002ee9900000,0x0000002ee9a00000) (1024K)]
  0x0000013c2c505730 WorkerThread "GC Thread#0"                     [id=15464, stack(0x0000002ee9400000,0x0000002ee9500000) (1024K)]
  0x0000013c96213230 WorkerThread "GC Thread#1"                     [id=14544, stack(0x0000002eea700000,0x0000002eea800000) (1024K)]
  0x0000013c962135d0 WorkerThread "GC Thread#2"                     [id=15176, stack(0x0000002eea800000,0x0000002eea900000) (1024K)]
  0x0000013c96212750 WorkerThread "GC Thread#3"                     [id=15552, stack(0x0000002eea900000,0x0000002eeaa00000) (1024K)]
  0x0000013c96212af0 WorkerThread "GC Thread#4"                     [id=16728, stack(0x0000002eeaa00000,0x0000002eeab00000) (1024K)]
  0x0000013c96212e90 WorkerThread "GC Thread#5"                     [id=16204, stack(0x0000002eeab00000,0x0000002eeac00000) (1024K)]
  0x0000013c96213970 WorkerThread "GC Thread#6"                     [id=17876, stack(0x0000002eeac00000,0x0000002eead00000) (1024K)]
  0x0000013c96212010 WorkerThread "GC Thread#7"                     [id=4832, stack(0x0000002eead00000,0x0000002eeae00000) (1024K)]
  0x0000013c2c517550 ConcurrentGCThread "G1 Main Marker"            [id=15632, stack(0x0000002ee9500000,0x0000002ee9600000) (1024K)]
  0x0000013c2c5187f0 WorkerThread "G1 Conc#0"                       [id=8296, stack(0x0000002ee9600000,0x0000002ee9700000) (1024K)]
  0x0000013c5002a4f0 ConcurrentGCThread "G1 Refine#0"               [id=16648, stack(0x0000002ee9700000,0x0000002ee9800000) (1024K)]
  0x0000013c5002bf10 ConcurrentGCThread "G1 Service"                [id=2372, stack(0x0000002ee9800000,0x0000002ee9900000) (1024K)]
Total: 14

Threads with active compile tasks:
C2 CompilerThread0  886 1373       4       jdk.internal.org.objectweb.asm.SymbolTable::addConstantUtf8 (98 bytes)
C1 CompilerThread0  886 1320   !   3       java.lang.invoke.MethodHandle::setVarargs (50 bytes)
C2 CompilerThread1  886 1375   !   4       java.util.concurrent.ConcurrentHashMap::transfer (849 bytes)
Total: 3

VM state: not at safepoint (normal execution)

VM Mutex/Monitor currently owned by a thread: None

Heap address: 0x0000000600800000, size: 8184 MB, Compressed Oops mode: Zero based, Oop shift amount: 3

CDS archive(s) mapped at: [0x0000013c51000000-0x0000013c51c80000-0x0000013c51c80000), size 13107200, SharedBaseAddress: 0x0000013c51000000, ArchiveRelocationMode: 1.
Compressed class space mapped at: 0x0000013c52000000-0x0000013c92000000, reserved size: 1073741824
Narrow klass base: 0x0000013c51000000, Narrow klass shift: 0, Narrow klass range: 0x100000000

GC Precious Log:
 CardTable entry size: 512
 Card Set container configuration: InlinePtr #cards 4 size 8 Array Of Cards #cards 32 size 80 Howl #buckets 8 coarsen threshold 7372 Howl Bitmap #cards 1024 size 144 coarsen threshold 921 Card regions per heap region 1 cards per card region 8192
 CPUs: 8 total, 8 available
 Memory: 32721M
 Large Page Support: Disabled
 NUMA Support: Disabled
 Compressed Oops: Enabled (Zero based)
 Heap Region Size: 4M
 Heap Min Capacity: 8M
 Heap Initial Capacity: 512M
 Heap Max Capacity: 8184M
 Pre-touch: Disabled
 Parallel Workers: 8
 Concurrent Workers: 2
 Concurrent Refinement Workers: 8
 Periodic GC: Disabled

Heap:
 garbage-first heap   total 524288K, used 13246K [0x0000000600800000, 0x0000000800000000)
  region size 4096K, 4 young (16384K), 1 survivors (4096K)
 Metaspace       used 14560K, committed 14784K, reserved 1114112K
  class space    used 1659K, committed 1792K, reserved 1048576K

Heap Regions: E=young(eden), S=young(survivor), O=old, HS=humongous(starts), HC=humongous(continues), CS=collection set, F=free, TAMS=top-at-mark-start, PB=parsable bottom
|   0|0x0000000600800000, 0x00000006008efba8, 0x0000000600c00000| 23%| O|  |TAMS 0x0000000600800000| PB 0x0000000600800000| Untracked 
|   1|0x0000000600c00000, 0x0000000600c00000, 0x0000000601000000|  0%| F|  |TAMS 0x0000000600c00000| PB 0x0000000600c00000| Untracked 
|   2|0x0000000601000000, 0x0000000601000000, 0x0000000601400000|  0%| F|  |TAMS 0x0000000601000000| PB 0x0000000601000000| Untracked 
|   3|0x0000000601400000, 0x0000000601400000, 0x0000000601800000|  0%| F|  |TAMS 0x0000000601400000| PB 0x0000000601400000| Untracked 
|   4|0x0000000601800000, 0x0000000601800000, 0x0000000601c00000|  0%| F|  |TAMS 0x0000000601800000| PB 0x0000000601800000| Untracked 
|   5|0x0000000601c00000, 0x0000000601c00000, 0x0000000602000000|  0%| F|  |TAMS 0x0000000601c00000| PB 0x0000000601c00000| Untracked 
|   6|0x0000000602000000, 0x0000000602000000, 0x0000000602400000|  0%| F|  |TAMS 0x0000000602000000| PB 0x0000000602000000| Untracked 
|   7|0x0000000602400000, 0x0000000602400000, 0x0000000602800000|  0%| F|  |TAMS 0x0000000602400000| PB 0x0000000602400000| Untracked 
|   8|0x0000000602800000, 0x0000000602800000, 0x0000000602c00000|  0%| F|  |TAMS 0x0000000602800000| PB 0x0000000602800000| Untracked 
|   9|0x0000000602c00000, 0x0000000602c00000, 0x0000000603000000|  0%| F|  |TAMS 0x0000000602c00000| PB 0x0000000602c00000| Untracked 
|  10|0x0000000603000000, 0x0000000603000000, 0x0000000603400000|  0%| F|  |TAMS 0x0000000603000000| PB 0x0000000603000000| Untracked 
|  11|0x0000000603400000, 0x0000000603400000, 0x0000000603800000|  0%| F|  |TAMS 0x0000000603400000| PB 0x0000000603400000| Untracked 
|  12|0x0000000603800000, 0x0000000603800000, 0x0000000603c00000|  0%| F|  |TAMS 0x0000000603800000| PB 0x0000000603800000| Untracked 
|  13|0x0000000603c00000, 0x0000000603c00000, 0x0000000604000000|  0%| F|  |TAMS 0x0000000603c00000| PB 0x0000000603c00000| Untracked 
|  14|0x0000000604000000, 0x0000000604000000, 0x0000000604400000|  0%| F|  |TAMS 0x0000000604000000| PB 0x0000000604000000| Untracked 
|  15|0x0000000604400000, 0x0000000604400000, 0x0000000604800000|  0%| F|  |TAMS 0x0000000604400000| PB 0x0000000604400000| Untracked 
|  16|0x0000000604800000, 0x0000000604800000, 0x0000000604c00000|  0%| F|  |TAMS 0x0000000604800000| PB 0x0000000604800000| Untracked 
|  17|0x0000000604c00000, 0x0000000604c00000, 0x0000000605000000|  0%| F|  |TAMS 0x0000000604c00000| PB 0x0000000604c00000| Untracked 
|  18|0x0000000605000000, 0x0000000605000000, 0x0000000605400000|  0%| F|  |TAMS 0x0000000605000000| PB 0x0000000605000000| Untracked 
|  19|0x0000000605400000, 0x0000000605400000, 0x0000000605800000|  0%| F|  |TAMS 0x0000000605400000| PB 0x0000000605400000| Untracked 
|  20|0x0000000605800000, 0x0000000605800000, 0x0000000605c00000|  0%| F|  |TAMS 0x0000000605800000| PB 0x0000000605800000| Untracked 
|  21|0x0000000605c00000, 0x0000000605c00000, 0x0000000606000000|  0%| F|  |TAMS 0x0000000605c00000| PB 0x0000000605c00000| Untracked 
|  22|0x0000000606000000, 0x0000000606000000, 0x0000000606400000|  0%| F|  |TAMS 0x0000000606000000| PB 0x0000000606000000| Untracked 
|  23|0x0000000606400000, 0x0000000606400000, 0x0000000606800000|  0%| F|  |TAMS 0x0000000606400000| PB 0x0000000606400000| Untracked 
|  24|0x0000000606800000, 0x0000000606800000, 0x0000000606c00000|  0%| F|  |TAMS 0x0000000606800000| PB 0x0000000606800000| Untracked 
|  25|0x0000000606c00000, 0x0000000606c00000, 0x0000000607000000|  0%| F|  |TAMS 0x0000000606c00000| PB 0x0000000606c00000| Untracked 
|  26|0x0000000607000000, 0x0000000607000000, 0x0000000607400000|  0%| F|  |TAMS 0x0000000607000000| PB 0x0000000607000000| Untracked 
|  27|0x0000000607400000, 0x0000000607400000, 0x0000000607800000|  0%| F|  |TAMS 0x0000000607400000| PB 0x0000000607400000| Untracked 
|  28|0x0000000607800000, 0x0000000607800000, 0x0000000607c00000|  0%| F|  |TAMS 0x0000000607800000| PB 0x0000000607800000| Untracked 
|  29|0x0000000607c00000, 0x0000000607c00000, 0x0000000608000000|  0%| F|  |TAMS 0x0000000607c00000| PB 0x0000000607c00000| Untracked 
|  30|0x0000000608000000, 0x0000000608000000, 0x0000000608400000|  0%| F|  |TAMS 0x0000000608000000| PB 0x0000000608000000| Untracked 
|  31|0x0000000608400000, 0x0000000608400000, 0x0000000608800000|  0%| F|  |TAMS 0x0000000608400000| PB 0x0000000608400000| Untracked 
|  32|0x0000000608800000, 0x0000000608800000, 0x0000000608c00000|  0%| F|  |TAMS 0x0000000608800000| PB 0x0000000608800000| Untracked 
|  33|0x0000000608c00000, 0x0000000608c00000, 0x0000000609000000|  0%| F|  |TAMS 0x0000000608c00000| PB 0x0000000608c00000| Untracked 
|  34|0x0000000609000000, 0x0000000609000000, 0x0000000609400000|  0%| F|  |TAMS 0x0000000609000000| PB 0x0000000609000000| Untracked 
|  35|0x0000000609400000, 0x0000000609400000, 0x0000000609800000|  0%| F|  |TAMS 0x0000000609400000| PB 0x0000000609400000| Untracked 
|  36|0x0000000609800000, 0x0000000609800000, 0x0000000609c00000|  0%| F|  |TAMS 0x0000000609800000| PB 0x0000000609800000| Untracked 
|  37|0x0000000609c00000, 0x0000000609c00000, 0x000000060a000000|  0%| F|  |TAMS 0x0000000609c00000| PB 0x0000000609c00000| Untracked 
|  38|0x000000060a000000, 0x000000060a000000, 0x000000060a400000|  0%| F|  |TAMS 0x000000060a000000| PB 0x000000060a000000| Untracked 
|  39|0x000000060a400000, 0x000000060a400000, 0x000000060a800000|  0%| F|  |TAMS 0x000000060a400000| PB 0x000000060a400000| Untracked 
|  40|0x000000060a800000, 0x000000060a800000, 0x000000060ac00000|  0%| F|  |TAMS 0x000000060a800000| PB 0x000000060a800000| Untracked 
|  41|0x000000060ac00000, 0x000000060ac00000, 0x000000060b000000|  0%| F|  |TAMS 0x000000060ac00000| PB 0x000000060ac00000| Untracked 
|  42|0x000000060b000000, 0x000000060b000000, 0x000000060b400000|  0%| F|  |TAMS 0x000000060b000000| PB 0x000000060b000000| Untracked 
|  43|0x000000060b400000, 0x000000060b400000, 0x000000060b800000|  0%| F|  |TAMS 0x000000060b400000| PB 0x000000060b400000| Untracked 
|  44|0x000000060b800000, 0x000000060b800000, 0x000000060bc00000|  0%| F|  |TAMS 0x000000060b800000| PB 0x000000060b800000| Untracked 
|  45|0x000000060bc00000, 0x000000060bc00000, 0x000000060c000000|  0%| F|  |TAMS 0x000000060bc00000| PB 0x000000060bc00000| Untracked 
|  46|0x000000060c000000, 0x000000060c000000, 0x000000060c400000|  0%| F|  |TAMS 0x000000060c000000| PB 0x000000060c000000| Untracked 
|  47|0x000000060c400000, 0x000000060c400000, 0x000000060c800000|  0%| F|  |TAMS 0x000000060c400000| PB 0x000000060c400000| Untracked 
|  48|0x000000060c800000, 0x000000060c800000, 0x000000060cc00000|  0%| F|  |TAMS 0x000000060c800000| PB 0x000000060c800000| Untracked 
|  49|0x000000060cc00000, 0x000000060cc00000, 0x000000060d000000|  0%| F|  |TAMS 0x000000060cc00000| PB 0x000000060cc00000| Untracked 
|  50|0x000000060d000000, 0x000000060d000000, 0x000000060d400000|  0%| F|  |TAMS 0x000000060d000000| PB 0x000000060d000000| Untracked 
|  51|0x000000060d400000, 0x000000060d400000, 0x000000060d800000|  0%| F|  |TAMS 0x000000060d400000| PB 0x000000060d400000| Untracked 
|  52|0x000000060d800000, 0x000000060d800000, 0x000000060dc00000|  0%| F|  |TAMS 0x000000060d800000| PB 0x000000060d800000| Untracked 
|  53|0x000000060dc00000, 0x000000060dc00000, 0x000000060e000000|  0%| F|  |TAMS 0x000000060dc00000| PB 0x000000060dc00000| Untracked 
|  54|0x000000060e000000, 0x000000060e000000, 0x000000060e400000|  0%| F|  |TAMS 0x000000060e000000| PB 0x000000060e000000| Untracked 
|  55|0x000000060e400000, 0x000000060e400000, 0x000000060e800000|  0%| F|  |TAMS 0x000000060e400000| PB 0x000000060e400000| Untracked 
|  56|0x000000060e800000, 0x000000060e800000, 0x000000060ec00000|  0%| F|  |TAMS 0x000000060e800000| PB 0x000000060e800000| Untracked 
|  57|0x000000060ec00000, 0x000000060ec00000, 0x000000060f000000|  0%| F|  |TAMS 0x000000060ec00000| PB 0x000000060ec00000| Untracked 
|  58|0x000000060f000000, 0x000000060f000000, 0x000000060f400000|  0%| F|  |TAMS 0x000000060f000000| PB 0x000000060f000000| Untracked 
|  59|0x000000060f400000, 0x000000060f400000, 0x000000060f800000|  0%| F|  |TAMS 0x000000060f400000| PB 0x000000060f400000| Untracked 
|  60|0x000000060f800000, 0x000000060f800000, 0x000000060fc00000|  0%| F|  |TAMS 0x000000060f800000| PB 0x000000060f800000| Untracked 
|  61|0x000000060fc00000, 0x000000060fc00000, 0x0000000610000000|  0%| F|  |TAMS 0x000000060fc00000| PB 0x000000060fc00000| Untracked 
|  62|0x0000000610000000, 0x0000000610000000, 0x0000000610400000|  0%| F|  |TAMS 0x0000000610000000| PB 0x0000000610000000| Untracked 
|  63|0x0000000610400000, 0x0000000610400000, 0x0000000610800000|  0%| F|  |TAMS 0x0000000610400000| PB 0x0000000610400000| Untracked 
|  64|0x0000000610800000, 0x0000000610800000, 0x0000000610c00000|  0%| F|  |TAMS 0x0000000610800000| PB 0x0000000610800000| Untracked 
|  65|0x0000000610c00000, 0x0000000610c00000, 0x0000000611000000|  0%| F|  |TAMS 0x0000000610c00000| PB 0x0000000610c00000| Untracked 
|  66|0x0000000611000000, 0x0000000611000000, 0x0000000611400000|  0%| F|  |TAMS 0x0000000611000000| PB 0x0000000611000000| Untracked 
|  67|0x0000000611400000, 0x0000000611400000, 0x0000000611800000|  0%| F|  |TAMS 0x0000000611400000| PB 0x0000000611400000| Untracked 
|  68|0x0000000611800000, 0x0000000611800000, 0x0000000611c00000|  0%| F|  |TAMS 0x0000000611800000| PB 0x0000000611800000| Untracked 
|  69|0x0000000611c00000, 0x0000000611c00000, 0x0000000612000000|  0%| F|  |TAMS 0x0000000611c00000| PB 0x0000000611c00000| Untracked 
|  70|0x0000000612000000, 0x0000000612000000, 0x0000000612400000|  0%| F|  |TAMS 0x0000000612000000| PB 0x0000000612000000| Untracked 
|  71|0x0000000612400000, 0x0000000612400000, 0x0000000612800000|  0%| F|  |TAMS 0x0000000612400000| PB 0x0000000612400000| Untracked 
|  72|0x0000000612800000, 0x0000000612800000, 0x0000000612c00000|  0%| F|  |TAMS 0x0000000612800000| PB 0x0000000612800000| Untracked 
|  73|0x0000000612c00000, 0x0000000612c00000, 0x0000000613000000|  0%| F|  |TAMS 0x0000000612c00000| PB 0x0000000612c00000| Untracked 
|  74|0x0000000613000000, 0x0000000613000000, 0x0000000613400000|  0%| F|  |TAMS 0x0000000613000000| PB 0x0000000613000000| Untracked 
|  75|0x0000000613400000, 0x0000000613400000, 0x0000000613800000|  0%| F|  |TAMS 0x0000000613400000| PB 0x0000000613400000| Untracked 
|  76|0x0000000613800000, 0x0000000613800000, 0x0000000613c00000|  0%| F|  |TAMS 0x0000000613800000| PB 0x0000000613800000| Untracked 
|  77|0x0000000613c00000, 0x0000000613c00000, 0x0000000614000000|  0%| F|  |TAMS 0x0000000613c00000| PB 0x0000000613c00000| Untracked 
|  78|0x0000000614000000, 0x0000000614000000, 0x0000000614400000|  0%| F|  |TAMS 0x0000000614000000| PB 0x0000000614000000| Untracked 
|  79|0x0000000614400000, 0x0000000614400000, 0x0000000614800000|  0%| F|  |TAMS 0x0000000614400000| PB 0x0000000614400000| Untracked 
|  80|0x0000000614800000, 0x0000000614800000, 0x0000000614c00000|  0%| F|  |TAMS 0x0000000614800000| PB 0x0000000614800000| Untracked 
|  81|0x0000000614c00000, 0x0000000614c00000, 0x0000000615000000|  0%| F|  |TAMS 0x0000000614c00000| PB 0x0000000614c00000| Untracked 
|  82|0x0000000615000000, 0x0000000615000000, 0x0000000615400000|  0%| F|  |TAMS 0x0000000615000000| PB 0x0000000615000000| Untracked 
|  83|0x0000000615400000, 0x0000000615400000, 0x0000000615800000|  0%| F|  |TAMS 0x0000000615400000| PB 0x0000000615400000| Untracked 
|  84|0x0000000615800000, 0x0000000615800000, 0x0000000615c00000|  0%| F|  |TAMS 0x0000000615800000| PB 0x0000000615800000| Untracked 
|  85|0x0000000615c00000, 0x0000000615c00000, 0x0000000616000000|  0%| F|  |TAMS 0x0000000615c00000| PB 0x0000000615c00000| Untracked 
|  86|0x0000000616000000, 0x0000000616000000, 0x0000000616400000|  0%| F|  |TAMS 0x0000000616000000| PB 0x0000000616000000| Untracked 
|  87|0x0000000616400000, 0x0000000616400000, 0x0000000616800000|  0%| F|  |TAMS 0x0000000616400000| PB 0x0000000616400000| Untracked 
|  88|0x0000000616800000, 0x0000000616800000, 0x0000000616c00000|  0%| F|  |TAMS 0x0000000616800000| PB 0x0000000616800000| Untracked 
|  89|0x0000000616c00000, 0x0000000616c00000, 0x0000000617000000|  0%| F|  |TAMS 0x0000000616c00000| PB 0x0000000616c00000| Untracked 
|  90|0x0000000617000000, 0x0000000617000000, 0x0000000617400000|  0%| F|  |TAMS 0x0000000617000000| PB 0x0000000617000000| Untracked 
|  91|0x0000000617400000, 0x0000000617400000, 0x0000000617800000|  0%| F|  |TAMS 0x0000000617400000| PB 0x0000000617400000| Untracked 
|  92|0x0000000617800000, 0x0000000617800000, 0x0000000617c00000|  0%| F|  |TAMS 0x0000000617800000| PB 0x0000000617800000| Untracked 
|  93|0x0000000617c00000, 0x0000000617c00000, 0x0000000618000000|  0%| F|  |TAMS 0x0000000617c00000| PB 0x0000000617c00000| Untracked 
|  94|0x0000000618000000, 0x0000000618000000, 0x0000000618400000|  0%| F|  |TAMS 0x0000000618000000| PB 0x0000000618000000| Untracked 
|  95|0x0000000618400000, 0x0000000618400000, 0x0000000618800000|  0%| F|  |TAMS 0x0000000618400000| PB 0x0000000618400000| Untracked 
|  96|0x0000000618800000, 0x0000000618800000, 0x0000000618c00000|  0%| F|  |TAMS 0x0000000618800000| PB 0x0000000618800000| Untracked 
|  97|0x0000000618c00000, 0x0000000618c00000, 0x0000000619000000|  0%| F|  |TAMS 0x0000000618c00000| PB 0x0000000618c00000| Untracked 
|  98|0x0000000619000000, 0x0000000619000000, 0x0000000619400000|  0%| F|  |TAMS 0x0000000619000000| PB 0x0000000619000000| Untracked 
|  99|0x0000000619400000, 0x0000000619400000, 0x0000000619800000|  0%| F|  |TAMS 0x0000000619400000| PB 0x0000000619400000| Untracked 
| 100|0x0000000619800000, 0x0000000619800000, 0x0000000619c00000|  0%| F|  |TAMS 0x0000000619800000| PB 0x0000000619800000| Untracked 
| 101|0x0000000619c00000, 0x0000000619c00000, 0x000000061a000000|  0%| F|  |TAMS 0x0000000619c00000| PB 0x0000000619c00000| Untracked 
| 102|0x000000061a000000, 0x000000061a000000, 0x000000061a400000|  0%| F|  |TAMS 0x000000061a000000| PB 0x000000061a000000| Untracked 
| 103|0x000000061a400000, 0x000000061a400000, 0x000000061a800000|  0%| F|  |TAMS 0x000000061a400000| PB 0x000000061a400000| Untracked 
| 104|0x000000061a800000, 0x000000061a800000, 0x000000061ac00000|  0%| F|  |TAMS 0x000000061a800000| PB 0x000000061a800000| Untracked 
| 105|0x000000061ac00000, 0x000000061ac00000, 0x000000061b000000|  0%| F|  |TAMS 0x000000061ac00000| PB 0x000000061ac00000| Untracked 
| 106|0x000000061b000000, 0x000000061b000000, 0x000000061b400000|  0%| F|  |TAMS 0x000000061b000000| PB 0x000000061b000000| Untracked 
| 107|0x000000061b400000, 0x000000061b400000, 0x000000061b800000|  0%| F|  |TAMS 0x000000061b400000| PB 0x000000061b400000| Untracked 
| 108|0x000000061b800000, 0x000000061b800000, 0x000000061bc00000|  0%| F|  |TAMS 0x000000061b800000| PB 0x000000061b800000| Untracked 
| 109|0x000000061bc00000, 0x000000061bc00000, 0x000000061c000000|  0%| F|  |TAMS 0x000000061bc00000| PB 0x000000061bc00000| Untracked 
| 110|0x000000061c000000, 0x000000061c000000, 0x000000061c400000|  0%| F|  |TAMS 0x000000061c000000| PB 0x000000061c000000| Untracked 
| 111|0x000000061c400000, 0x000000061c400000, 0x000000061c800000|  0%| F|  |TAMS 0x000000061c400000| PB 0x000000061c400000| Untracked 
| 112|0x000000061c800000, 0x000000061c800000, 0x000000061cc00000|  0%| F|  |TAMS 0x000000061c800000| PB 0x000000061c800000| Untracked 
| 113|0x000000061cc00000, 0x000000061cc00000, 0x000000061d000000|  0%| F|  |TAMS 0x000000061cc00000| PB 0x000000061cc00000| Untracked 
| 114|0x000000061d000000, 0x000000061d000000, 0x000000061d400000|  0%| F|  |TAMS 0x000000061d000000| PB 0x000000061d000000| Untracked 
| 115|0x000000061d400000, 0x000000061d400000, 0x000000061d800000|  0%| F|  |TAMS 0x000000061d400000| PB 0x000000061d400000| Untracked 
| 116|0x000000061d800000, 0x000000061d800000, 0x000000061dc00000|  0%| F|  |TAMS 0x000000061d800000| PB 0x000000061d800000| Untracked 
| 117|0x000000061dc00000, 0x000000061dc00000, 0x000000061e000000|  0%| F|  |TAMS 0x000000061dc00000| PB 0x000000061dc00000| Untracked 
| 118|0x000000061e000000, 0x000000061e000000, 0x000000061e400000|  0%| F|  |TAMS 0x000000061e000000| PB 0x000000061e000000| Untracked 
| 119|0x000000061e400000, 0x000000061e400000, 0x000000061e800000|  0%| F|  |TAMS 0x000000061e400000| PB 0x000000061e400000| Untracked 
| 120|0x000000061e800000, 0x000000061e800000, 0x000000061ec00000|  0%| F|  |TAMS 0x000000061e800000| PB 0x000000061e800000| Untracked 
| 121|0x000000061ec00000, 0x000000061f000000, 0x000000061f000000|100%| S|CS|TAMS 0x000000061ec00000| PB 0x000000061ec00000| Complete 
| 122|0x000000061f000000, 0x000000061f000000, 0x000000061f400000|  0%| F|  |TAMS 0x000000061f000000| PB 0x000000061f000000| Untracked 
| 123|0x000000061f400000, 0x000000061f400000, 0x000000061f800000|  0%| F|  |TAMS 0x000000061f400000| PB 0x000000061f400000| Untracked 
| 124|0x000000061f800000, 0x000000061f800000, 0x000000061fc00000|  0%| F|  |TAMS 0x000000061f800000| PB 0x000000061f800000| Untracked 
| 125|0x000000061fc00000, 0x000000061ff7cd90, 0x0000000620000000| 87%| E|  |TAMS 0x000000061fc00000| PB 0x000000061fc00000| Complete 
| 126|0x0000000620000000, 0x0000000620400000, 0x0000000620400000|100%| E|CS|TAMS 0x0000000620000000| PB 0x0000000620000000| Complete 
| 127|0x0000000620400000, 0x0000000620800000, 0x0000000620800000|100%| E|CS|TAMS 0x0000000620400000| PB 0x0000000620400000| Complete 

Card table byte_map: [0x0000013c44e80000,0x0000013c45e80000] _byte_map_base: 0x0000013c41e7c000

Marking Bits: (CMBitMap*) 0x0000013c2c505e30
 Bits: [0x0000013c45e80000, 0x0000013c4de60000)

Polling page: 0x0000013c2a410000

Metaspace:

Usage:
  Non-class:     12.60 MB used.
      Class:      1.62 MB used.
       Both:     14.22 MB used.

Virtual space:
  Non-class space:       64.00 MB reserved,      12.69 MB ( 20%) committed,  1 nodes.
      Class space:        1.00 GB reserved,       1.75 MB ( <1%) committed,  1 nodes.
             Both:        1.06 GB reserved,      14.44 MB (  1%) committed. 

Chunk freelists:
   Non-Class:  2.81 MB
       Class:  14.11 MB
        Both:  16.92 MB

MaxMetaspaceSize: unlimited
CompressedClassSpaceSize: 1.00 GB
Initial GC threshold: 21.00 MB
Current GC threshold: 21.00 MB
CDS: on
 - commit_granule_bytes: 65536.
 - commit_granule_words: 8192.
 - virtual_space_node_default_size: 8388608.
 - enlarge_chunks_in_place: 1.
 - use_allocation_guard: 0.


Internal statistics:

num_allocs_failed_limit: 0.
num_arena_births: 122.
num_arena_deaths: 0.
num_vsnodes_births: 2.
num_vsnodes_deaths: 0.
num_space_committed: 231.
num_space_uncommitted: 0.
num_chunks_returned_to_freelist: 0.
num_chunks_taken_from_freelist: 450.
num_chunk_merges: 0.
num_chunk_splits: 328.
num_chunks_enlarged: 257.
num_inconsistent_stats: 0.

CodeHeap 'non-profiled nmethods': size=120000Kb used=544Kb max_used=544Kb free=119455Kb
 bounds [0x0000013c3c620000, 0x0000013c3c890000, 0x0000013c43b50000]
CodeHeap 'profiled nmethods': size=120000Kb used=2292Kb max_used=2292Kb free=117707Kb
 bounds [0x0000013c34b50000, 0x0000013c34dc0000, 0x0000013c3c080000]
CodeHeap 'non-nmethods': size=5760Kb used=1440Kb max_used=1467Kb free=4319Kb
 bounds [0x0000013c3c080000, 0x0000013c3c2f0000, 0x0000013c3c620000]
 total_blobs=1867 nmethods=1336 adapters=436
 compilation: enabled
              stopped_count=0, restarted_count=0
 full_count=0

Compilation events (20 events):
Event: 0.779 Thread 0x0000013c50134ac0 nmethod 1310 0x0000013c3c69ef90 code [0x0000013c3c69f120, 0x0000013c3c69f1f0]
Event: 0.781 Thread 0x0000013c50134ac0 1311       3       java.lang.AbstractStringBuilder::append (55 bytes)
Event: 0.781 Thread 0x0000013c50134ac0 nmethod 1311 0x0000013c34d88710 code [0x0000013c34d88900, 0x0000013c34d88c50]
Event: 0.785 Thread 0x0000013c50b02a80 1312   !   4       jdk.internal.loader.URLClassPath$JarLoader::getResource (40 bytes)
Event: 0.785 Thread 0x0000013c50133760 1313   !   4       jdk.internal.loader.URLClassPath$JarLoader::ensureOpen (36 bytes)
Event: 0.785 Thread 0x0000013c50133760 nmethod 1313 0x0000013c3c69f290 code [0x0000013c3c69f420, 0x0000013c3c69f4d0]
Event: 0.786 Thread 0x0000013c50b02a80 nmethod 1312 0x0000013c3c69f590 code [0x0000013c3c69f740, 0x0000013c3c69f8b8]
Event: 0.788 Thread 0x0000013c50134ac0 1314       3       java.lang.invoke.BoundMethodHandle::<init> (32 bytes)
Event: 0.788 Thread 0x0000013c50134ac0 nmethod 1314 0x0000013c34d88d90 code [0x0000013c34d88f40, 0x0000013c34d890a0]
Event: 0.790 Thread 0x0000013c50134ac0 1315       3       java.util.ImmutableCollections$Set12::<init> (53 bytes)
Event: 0.790 Thread 0x0000013c50134ac0 nmethod 1315 0x0000013c34d89190 code [0x0000013c34d89440, 0x0000013c34d8a090]
Event: 0.791 Thread 0x0000013c50134ac0 1316   !   3       com.mysql.cj.conf.DefaultPropertySet::getProperty (52 bytes)
Event: 0.791 Thread 0x0000013c50134ac0 nmethod 1316 0x0000013c34d8a510 code [0x0000013c34d8a700, 0x0000013c34d8ae20]
Event: 0.791 Thread 0x0000013c50134ac0 1317       3       java.lang.invoke.InnerClassLambdaMetafactory::getOpcodeOffset (38 bytes)
Event: 0.791 Thread 0x0000013c50134ac0 nmethod 1317 0x0000013c34d8b090 code [0x0000013c34d8b260, 0x0000013c34d8b518]
Event: 0.792 Thread 0x0000013c50134ac0 1318       3       java.lang.invoke.MemberName::<init> (139 bytes)
Event: 0.792 Thread 0x0000013c50134ac0 nmethod 1318 0x0000013c34d8b610 code [0x0000013c34d8b940, 0x0000013c34d8ca98]
Event: 0.793 Thread 0x0000013c50134ac0 1319       3       java.lang.invoke.DirectMethodHandle::preparedLambdaForm (6 bytes)
Event: 0.793 Thread 0x0000013c50134ac0 nmethod 1319 0x0000013c34d8d010 code [0x0000013c34d8d1c0, 0x0000013c34d8d2e0]
Event: 0.793 Thread 0x0000013c50134ac0 1320   !   3       java.lang.invoke.MethodHandle::setVarargs (50 bytes)

GC Heap History (2 events):
Event: 0.628 GC heap before
{Heap before GC invocations=0 (full 0):
 garbage-first heap   total 524288K, used 20480K [0x0000000600800000, 0x0000000800000000)
  region size 4096K, 6 young (24576K), 0 survivors (0K)
 Metaspace       used 10561K, committed 10752K, reserved 1114112K
  class space    used 1192K, committed 1280K, reserved 1048576K
}
Event: 0.631 GC heap after
{Heap after GC invocations=1 (full 0):
 garbage-first heap   total 524288K, used 5054K [0x0000000600800000, 0x0000000800000000)
  region size 4096K, 1 young (4096K), 1 survivors (4096K)
 Metaspace       used 10561K, committed 10752K, reserved 1114112K
  class space    used 1192K, committed 1280K, reserved 1048576K
}

Dll operation events (9 events):
Event: 0.009 Loaded shared library C:\Program Files\Amazon Corretto\jdk21.0.7_6\bin\java.dll
Event: 0.038 Loaded shared library C:\Program Files\Amazon Corretto\jdk21.0.7_6\bin\jsvml.dll
Event: 0.078 Loaded shared library C:\Program Files\Amazon Corretto\jdk21.0.7_6\bin\zip.dll
Event: 0.081 Loaded shared library C:\Program Files\Amazon Corretto\jdk21.0.7_6\bin\instrument.dll
Event: 0.085 Loaded shared library C:\Program Files\Amazon Corretto\jdk21.0.7_6\bin\net.dll
Event: 0.087 Loaded shared library C:\Program Files\Amazon Corretto\jdk21.0.7_6\bin\nio.dll
Event: 0.096 Loaded shared library C:\Program Files\Amazon Corretto\jdk21.0.7_6\bin\zip.dll
Event: 0.129 Loaded shared library C:\Program Files\Amazon Corretto\jdk21.0.7_6\bin\jimage.dll
Event: 0.129 Loaded shared library C:\Program Files\Amazon Corretto\jdk21.0.7_6\bin\extnet.dll

Deoptimization events (20 events):
Event: 0.670 Thread 0x0000013c2c459fb0 Uncommon trap: trap_request=0xffffffc6 fr.pc=0x0000013c3c671bcc relative=0x000000000000034c
Event: 0.670 Thread 0x0000013c2c459fb0 Uncommon trap: reason=bimorphic_or_optimized_type_check action=maybe_recompile pc=0x0000013c3c671bcc method=java.util.HashMap.getNode(Ljava/lang/Object;)Ljava/util/HashMap$Node; @ 128 c2
Event: 0.670 Thread 0x0000013c2c459fb0 DEOPT PACKING pc=0x0000013c3c671bcc sp=0x0000002ee93fe280
Event: 0.670 Thread 0x0000013c2c459fb0 DEOPT UNPACKING pc=0x0000013c3c0d46a2 sp=0x0000002ee93fe1f8 mode 2
Event: 0.700 Thread 0x0000013c2c459fb0 Uncommon trap: trap_request=0xffffffc6 fr.pc=0x0000013c3c671bcc relative=0x000000000000034c
Event: 0.700 Thread 0x0000013c2c459fb0 Uncommon trap: reason=bimorphic_or_optimized_type_check action=maybe_recompile pc=0x0000013c3c671bcc method=java.util.HashMap.getNode(Ljava/lang/Object;)Ljava/util/HashMap$Node; @ 128 c2
Event: 0.700 Thread 0x0000013c2c459fb0 DEOPT PACKING pc=0x0000013c3c671bcc sp=0x0000002ee93fd5d0
Event: 0.700 Thread 0x0000013c2c459fb0 DEOPT UNPACKING pc=0x0000013c3c0d46a2 sp=0x0000002ee93fd548 mode 2
Event: 0.714 Thread 0x0000013c2c459fb0 Uncommon trap: trap_request=0xffffff45 fr.pc=0x0000013c3c671238 relative=0x0000000000000438
Event: 0.714 Thread 0x0000013c2c459fb0 Uncommon trap: reason=unstable_if action=reinterpret pc=0x0000013c3c671238 method=java.util.regex.Pattern$BmpCharPropertyGreedy.match(Ljava/util/regex/Matcher;ILjava/lang/CharSequence;)Z @ 73 c2
Event: 0.714 Thread 0x0000013c2c459fb0 DEOPT PACKING pc=0x0000013c3c671238 sp=0x0000002ee93fd420
Event: 0.714 Thread 0x0000013c2c459fb0 DEOPT UNPACKING pc=0x0000013c3c0d46a2 sp=0x0000002ee93fd3c0 mode 2
Event: 0.721 Thread 0x0000013c2c459fb0 Uncommon trap: trap_request=0xffffffc6 fr.pc=0x0000013c3c671bcc relative=0x000000000000034c
Event: 0.721 Thread 0x0000013c2c459fb0 Uncommon trap: reason=bimorphic_or_optimized_type_check action=maybe_recompile pc=0x0000013c3c671bcc method=java.util.HashMap.getNode(Ljava/lang/Object;)Ljava/util/HashMap$Node; @ 128 c2
Event: 0.721 Thread 0x0000013c2c459fb0 DEOPT PACKING pc=0x0000013c3c671bcc sp=0x0000002ee93faa80
Event: 0.721 Thread 0x0000013c2c459fb0 DEOPT UNPACKING pc=0x0000013c3c0d46a2 sp=0x0000002ee93fa9f8 mode 2
Event: 0.736 Thread 0x0000013c2c459fb0 Uncommon trap: trap_request=0xffffffc6 fr.pc=0x0000013c3c678a20 relative=0x0000000000000c40
Event: 0.736 Thread 0x0000013c2c459fb0 Uncommon trap: reason=bimorphic_or_optimized_type_check action=maybe_recompile pc=0x0000013c3c678a20 method=java.util.HashMap.putVal(ILjava/lang/Object;Ljava/lang/Object;ZZ)Ljava/lang/Object; @ 56 c2
Event: 0.736 Thread 0x0000013c2c459fb0 DEOPT PACKING pc=0x0000013c3c678a20 sp=0x0000002ee93fde90
Event: 0.736 Thread 0x0000013c2c459fb0 DEOPT UNPACKING pc=0x0000013c3c0d46a2 sp=0x0000002ee93fde18 mode 2

Classes loaded (20 events):
Event: 0.802 Loading class java/net/StandardSocketOptions
Event: 0.802 Loading class java/net/StandardSocketOptions done
Event: 0.802 Loading class java/net/StandardSocketOptions$StdSocketOption
Event: 0.802 Loading class java/net/StandardSocketOptions$StdSocketOption done
Event: 0.802 Loading class sun/nio/ch/SocketOptionRegistry
Event: 0.802 Loading class sun/nio/ch/SocketOptionRegistry done
Event: 0.802 Loading class sun/nio/ch/SocketOptionRegistry$RegistryKey
Event: 0.802 Loading class sun/nio/ch/SocketOptionRegistry$RegistryKey done
Event: 0.802 Loading class sun/nio/ch/SocketOptionRegistry$LazyInitialization
Event: 0.802 Loading class sun/nio/ch/SocketOptionRegistry$LazyInitialization done
Event: 0.802 Loading class sun/nio/ch/OptionKey
Event: 0.802 Loading class sun/nio/ch/OptionKey done
Event: 0.802 Loading class sun/nio/ch/ExtendedSocketOption
Event: 0.802 Loading class sun/nio/ch/ExtendedSocketOption done
Event: 0.802 Loading class sun/nio/ch/ExtendedSocketOption$1
Event: 0.802 Loading class sun/nio/ch/ExtendedSocketOption$1 done
Event: 0.803 Loading class java/net/Socket$SocketOutputStream
Event: 0.803 Loading class java/net/Socket$SocketOutputStream done
Event: 0.803 Loading class sun/nio/ch/NioSocketImpl$2
Event: 0.803 Loading class sun/nio/ch/NioSocketImpl$2 done

Classes unloaded (0 events):
No events

Classes redefined (0 events):
No events

Internal exceptions (17 events):
Event: 0.116 Thread 0x0000013c2c459fb0 Exception <a 'java/lang/NoSuchMethodError'{0x0000000620157d90}: 'void java.lang.invoke.DirectMethodHandle$Holder.invokeStatic(java.lang.Object, java.lang.Object, java.lang.Object)'> (0x0000000620157d90) 
thrown [s\src\hotspot\share\interpreter\linkResolver.cpp, line 773]
Event: 0.120 Thread 0x0000013c2c459fb0 Exception <a 'java/lang/NoSuchMethodError'{0x000000062016f8a8}: 'java.lang.Object java.lang.invoke.Invokers$Holder.invokeExact_MT(java.lang.Object, java.lang.Object, java.lang.Object, java.lang.Object, java.lang.Object)'> (0x000000062016f8a8) 
thrown [s\src\hotspot\share\interpreter\linkResolver.cpp, line 773]
Event: 0.131 Thread 0x0000013c50c0cc30 Exception <a 'java/lang/NoSuchMethodError'{0x00000006201bc0c8}: 'void java.lang.invoke.DirectMethodHandle$Holder.invokeStatic(java.lang.Object, java.lang.Object)'> (0x00000006201bc0c8) 
thrown [s\src\hotspot\share\interpreter\linkResolver.cpp, line 773]
Event: 0.160 Thread 0x0000013c2c459fb0 Exception <a 'java/lang/NoSuchMethodError'{0x00000006203549d8}: 'java.lang.ClassLoader java.lang.Class.getClassLoader(java.lang.Class)'> (0x00000006203549d8) 
thrown [s\src\hotspot\share\interpreter\linkResolver.cpp, line 773]
Event: 0.162 Thread 0x0000013c2c459fb0 Exception <a 'java/lang/NoSuchMethodError'{0x000000062035ca78}: 'java.lang.Object java.lang.invoke.DirectMethodHandle$Holder.invokeStatic(java.lang.Object, java.lang.Object, int)'> (0x000000062035ca78) 
thrown [s\src\hotspot\share\interpreter\linkResolver.cpp, line 773]
Event: 0.163 Thread 0x0000013c2c459fb0 Exception <a 'java/lang/NoSuchMethodError'{0x0000000620368b80}: 'void java.lang.invoke.DelegatingMethodHandle$Holder.delegate(java.lang.Object, java.lang.Object, int, java.lang.Object)'> (0x0000000620368b80) 
thrown [s\src\hotspot\share\interpreter\linkResolver.cpp, line 773]
Event: 0.163 Thread 0x0000013c2c459fb0 Exception <a 'java/lang/NoSuchMethodError'{0x000000062036c920}: 'int java.lang.invoke.DirectMethodHandle$Holder.invokeSpecial(java.lang.Object, java.lang.Object, java.lang.Object)'> (0x000000062036c920) 
thrown [s\src\hotspot\share\interpreter\linkResolver.cpp, line 773]
Event: 0.244 Thread 0x0000013c2c459fb0 Exception <a 'java/lang/ClassNotFoundException'{0x000000061fdbf5e8}: com/sun/org/apache/xerces/internal/impl/xpath/regex/spi/messageProvider> (0x000000061fdbf5e8) 
thrown [s\src\hotspot\share\classfile\systemDictionary.cpp, line 312]
Event: 0.305 Thread 0x0000013c2c459fb0 Exception <a 'java/lang/NoSuchMethodError'{0x000000061ff31228}: 'java.lang.Object java.lang.invoke.DirectMethodHandle$Holder.invokeStatic(java.lang.Object, int, java.lang.Object)'> (0x000000061ff31228) 
thrown [s\src\hotspot\share\interpreter\linkResolver.cpp, line 773]
Event: 0.415 Thread 0x0000013c2c459fb0 Exception <a 'java/lang/NoSuchMethodError'{0x000000061fb92160}: 'void java.lang.invoke.DirectMethodHandle$Holder.invokeSpecial(java.lang.Object, java.lang.Object, java.lang.Object)'> (0x000000061fb92160) 
thrown [s\src\hotspot\share\interpreter\linkResolver.cpp, line 773]
Event: 0.486 Thread 0x0000013c2c459fb0 Exception <a 'java/lang/NoSuchMethodError'{0x000000061f5f82e8}: 'java.lang.Object java.lang.invoke.DirectMethodHandle$Holder.invokeStaticInit(java.lang.Object, int, int, int, int)'> (0x000000061f5f82e8) 
thrown [s\src\hotspot\share\interpreter\linkResolver.cpp, line 773]
Event: 0.505 Thread 0x0000013c2c459fb0 Exception <a 'java/lang/NoSuchMethodError'{0x000000061f6be7d8}: 'java.lang.Object java.lang.invoke.DirectMethodHandle$Holder.invokeStaticInit(java.lang.Object, java.lang.Object, int, int, int, int)'> (0x000000061f6be7d8) 
thrown [s\src\hotspot\share\interpreter\linkResolver.cpp, line 773]
Event: 0.536 Thread 0x0000013c2c459fb0 Implicit null exception at 0x0000013c3c6632e6 to 0x0000013c3c663392
Event: 0.575 Thread 0x0000013c2c459fb0 Exception <a 'java/lang/NoSuchMethodError'{0x000000061f1d8448}: 'java.lang.Object java.lang.invoke.Invokers$Holder.invokeExact_MT(java.lang.Object, java.lang.Object, java.lang.Object, java.lang.Object, java.lang.Object, java.lang.Object)'> (0x000000061f1d8448) 
thrown [s\src\hotspot\share\interpreter\linkResolver.cpp, line 773]
Event: 0.583 Thread 0x0000013c2c459fb0 Exception <a 'java/lang/NoSuchMethodError'{0x000000061f21a638}: 'java.lang.Object java.lang.invoke.DirectMethodHandle$Holder.invokeInterface(java.lang.Object, java.lang.Object, java.lang.Object)'> (0x000000061f21a638) 
thrown [s\src\hotspot\share\interpreter\linkResolver.cpp, line 773]
Event: 0.718 Thread 0x0000013c2c459fb0 Exception <a 'java/lang/NoSuchMethodError'{0x00000006200f3a18}: 'java.lang.Object java.lang.invoke.DirectMethodHandle$Holder.invokeInterface(java.lang.Object, java.lang.Object)'> (0x00000006200f3a18) 
thrown [s\src\hotspot\share\interpreter\linkResolver.cpp, line 773]
Event: 0.733 Thread 0x0000013c2c459fb0 Exception <a 'java/lang/NoSuchMethodError'{0x000000062017e580}: 'java.lang.Object java.lang.invoke.DirectMethodHandle$Holder.invokeVirtual(java.lang.Object, java.lang.Object, java.lang.Object)'> (0x000000062017e580) 
thrown [s\src\hotspot\share\interpreter\linkResolver.cpp, line 773]

ZGC Phase Switch (0 events):
No events

VM Operations (20 events):
Event: 0.446 Executing VM operation: HandshakeAllThreads (Deoptimize)
Event: 0.446 Executing VM operation: HandshakeAllThreads (Deoptimize) done
Event: 0.446 Executing VM operation: HandshakeAllThreads (Deoptimize)
Event: 0.446 Executing VM operation: HandshakeAllThreads (Deoptimize) done
Event: 0.447 Executing VM operation: ICBufferFull
Event: 0.447 Executing VM operation: ICBufferFull done
Event: 0.461 Executing VM operation: HandshakeAllThreads (Deoptimize)
Event: 0.461 Executing VM operation: HandshakeAllThreads (Deoptimize) done
Event: 0.617 Executing VM operation: HandshakeAllThreads (Deoptimize)
Event: 0.617 Executing VM operation: HandshakeAllThreads (Deoptimize) done
Event: 0.621 Executing VM operation: HandshakeAllThreads (Deoptimize)
Event: 0.621 Executing VM operation: HandshakeAllThreads (Deoptimize) done
Event: 0.627 Executing VM operation: G1CollectForAllocation (G1 Evacuation Pause)
Event: 0.631 Executing VM operation: G1CollectForAllocation (G1 Evacuation Pause) done
Event: 0.695 Executing VM operation: HandshakeAllThreads (Deoptimize)
Event: 0.695 Executing VM operation: HandshakeAllThreads (Deoptimize) done
Event: 0.695 Executing VM operation: HandshakeAllThreads (Deoptimize)
Event: 0.695 Executing VM operation: HandshakeAllThreads (Deoptimize) done
Event: 0.792 Executing VM operation: HandshakeAllThreads (Deoptimize)
Event: 0.792 Executing VM operation: HandshakeAllThreads (Deoptimize) done

Memory protections (0 events):
No events

Nmethod flushes (0 events):
No events

Events (14 events):
Event: 0.023 Thread 0x0000013c2c459fb0 Thread added: 0x0000013c2c459fb0
Event: 0.036 Thread 0x0000013c2c459fb0 Thread added: 0x0000013c50121910
Event: 0.036 Thread 0x0000013c2c459fb0 Thread added: 0x0000013c50122560
Event: 0.036 Thread 0x0000013c2c459fb0 Thread added: 0x0000013c501266f0
Event: 0.036 Thread 0x0000013c2c459fb0 Thread added: 0x0000013c501296e0
Event: 0.036 Thread 0x0000013c2c459fb0 Thread added: 0x0000013c5012a8d0
Event: 0.036 Thread 0x0000013c2c459fb0 Thread added: 0x0000013c5012cc00
Event: 0.036 Thread 0x0000013c2c459fb0 Thread added: 0x0000013c50133760
Event: 0.036 Thread 0x0000013c2c459fb0 Thread added: 0x0000013c50134ac0
Event: 0.062 Thread 0x0000013c2c459fb0 Thread added: 0x0000013c500f1db0
Event: 0.098 Thread 0x0000013c50133760 Thread added: 0x0000013c50b02a80
Event: 0.123 Thread 0x0000013c2c459fb0 Thread added: 0x0000013c50c0cc30
Event: 0.123 Thread 0x0000013c2c459fb0 Thread added: 0x0000013c50ca4c50
Event: 0.695 Thread 0x0000013c2c459fb0 Thread added: 0x0000013c968b9d40


Dynamic libraries:
0x00007ff7b5900000 - 0x00007ff7b590e000 	C:\Program Files\Amazon Corretto\jdk21.0.7_6\bin\java.exe
0x00007ffc238a0000 - 0x00007ffc23b08000 	C:\WINDOWS\SYSTEM32\ntdll.dll
0x00007ffc22d60000 - 0x00007ffc22e29000 	C:\WINDOWS\System32\KERNEL32.DLL
0x00007ffc21060000 - 0x00007ffc2144d000 	C:\WINDOWS\System32\KERNELBASE.dll
0x00007ffc20d90000 - 0x00007ffc20edb000 	C:\WINDOWS\System32\ucrtbase.dll
0x00007ffc10140000 - 0x00007ffc1015b000 	C:\Program Files\Amazon Corretto\jdk21.0.7_6\bin\VCRUNTIME140.dll
0x00007ffc10160000 - 0x00007ffc10178000 	C:\Program Files\Amazon Corretto\jdk21.0.7_6\bin\jli.dll
0x00007ffc23230000 - 0x00007ffc233fc000 	C:\WINDOWS\System32\USER32.dll
0x00007ffc20d60000 - 0x00007ffc20d87000 	C:\WINDOWS\System32\win32u.dll
0x00007ffc08130000 - 0x00007ffc083ca000 	C:\WINDOWS\WinSxS\amd64_microsoft.windows.common-controls_6595b64144ccf1df_6.0.26100.4484_none_3e0e6d4ce32ef3b3\COMCTL32.dll
0x00007ffc220d0000 - 0x00007ffc220fb000 	C:\WINDOWS\System32\GDI32.dll
0x00007ffc237b0000 - 0x00007ffc23859000 	C:\WINDOWS\System32\msvcrt.dll
0x00007ffc20b70000 - 0x00007ffc20ca7000 	C:\WINDOWS\System32\gdi32full.dll
0x00007ffc20cb0000 - 0x00007ffc20d53000 	C:\WINDOWS\System32\msvcp_win.dll
0x00007ffc22e30000 - 0x00007ffc22e5f000 	C:\WINDOWS\System32\IMM32.DLL
0x00007ffc1d430000 - 0x00007ffc1d43c000 	C:\Program Files\Amazon Corretto\jdk21.0.7_6\bin\vcruntime140_1.dll
0x00007ffbf4db0000 - 0x00007ffbf4e3d000 	C:\Program Files\Amazon Corretto\jdk21.0.7_6\bin\msvcp140.dll
0x00007ffbbda50000 - 0x00007ffbbe7ef000 	C:\Program Files\Amazon Corretto\jdk21.0.7_6\bin\server\jvm.dll
0x00007ffc22ca0000 - 0x00007ffc22d54000 	C:\WINDOWS\System32\ADVAPI32.dll
0x00007ffc22610000 - 0x00007ffc226b6000 	C:\WINDOWS\System32\sechost.dll
0x00007ffc22190000 - 0x00007ffc222a8000 	C:\WINDOWS\System32\RPCRT4.dll
0x00007ffc22bd0000 - 0x00007ffc22c44000 	C:\WINDOWS\System32\WS2_32.dll
0x00007ffc20840000 - 0x00007ffc2089e000 	C:\WINDOWS\SYSTEM32\POWRPROF.dll
0x00007ffc12150000 - 0x00007ffc12185000 	C:\WINDOWS\SYSTEM32\WINMM.dll
0x00007ffc19cf0000 - 0x00007ffc19cfb000 	C:\WINDOWS\SYSTEM32\VERSION.dll
0x00007ffc20770000 - 0x00007ffc20784000 	C:\WINDOWS\SYSTEM32\UMPDC.dll
0x00007ffc1f760000 - 0x00007ffc1f77b000 	C:\WINDOWS\SYSTEM32\kernel.appcore.dll
0x00007ffc108f0000 - 0x00007ffc108fa000 	C:\Program Files\Amazon Corretto\jdk21.0.7_6\bin\jimage.dll
0x00007ffc1e050000 - 0x00007ffc1e291000 	C:\WINDOWS\SYSTEM32\DBGHELP.DLL
0x00007ffc23420000 - 0x00007ffc237a6000 	C:\WINDOWS\System32\combase.dll
0x00007ffc22520000 - 0x00007ffc22600000 	C:\WINDOWS\System32\OLEAUT32.dll
0x00007ffc0b3c0000 - 0x00007ffc0b403000 	C:\WINDOWS\SYSTEM32\dbgcore.DLL
0x00007ffc21450000 - 0x00007ffc214e9000 	C:\WINDOWS\System32\bcryptPrimitives.dll
0x00007ffc109f0000 - 0x00007ffc109fe000 	C:\Program Files\Amazon Corretto\jdk21.0.7_6\bin\instrument.dll
0x00007ffc08c00000 - 0x00007ffc08c1f000 	C:\Program Files\Amazon Corretto\jdk21.0.7_6\bin\java.dll
0x00007ffc21640000 - 0x00007ffc21d8a000 	C:\WINDOWS\System32\SHELL32.dll
0x00007ffc20ee0000 - 0x00007ffc21054000 	C:\WINDOWS\System32\wintypes.dll
0x00007ffc1e620000 - 0x00007ffc1ee7b000 	C:\WINDOWS\SYSTEM32\windows.storage.dll
0x00007ffc22e70000 - 0x00007ffc22f65000 	C:\WINDOWS\System32\SHCORE.dll
0x00007ffc21e10000 - 0x00007ffc21e7a000 	C:\WINDOWS\System32\shlwapi.dll
0x00007ffc20900000 - 0x00007ffc2092f000 	C:\WINDOWS\SYSTEM32\profapi.dll
0x00007ffbf4cd0000 - 0x00007ffbf4da7000 	C:\Program Files\Amazon Corretto\jdk21.0.7_6\bin\jsvml.dll
0x00007ffbfce00000 - 0x00007ffbfce18000 	C:\Program Files\Amazon Corretto\jdk21.0.7_6\bin\zip.dll
0x00007ffc08bf0000 - 0x00007ffc08c00000 	C:\Program Files\Amazon Corretto\jdk21.0.7_6\bin\net.dll
0x00007ffc199d0000 - 0x00007ffc19aee000 	C:\WINDOWS\SYSTEM32\WINHTTP.dll
0x00007ffc1fcc0000 - 0x00007ffc1fd2a000 	C:\WINDOWS\system32\mswsock.dll
0x00007ffc08bd0000 - 0x00007ffc08be6000 	C:\Program Files\Amazon Corretto\jdk21.0.7_6\bin\nio.dll
0x00007ffbfced0000 - 0x00007ffbfced9000 	C:\Program Files\Amazon Corretto\jdk21.0.7_6\bin\extnet.dll
0x00007ffc200a0000 - 0x00007ffc200bb000 	C:\WINDOWS\SYSTEM32\CRYPTSP.dll
0x00007ffc1f6c0000 - 0x00007ffc1f6fa000 	C:\WINDOWS\system32\rsaenh.dll
0x00007ffc1fd60000 - 0x00007ffc1fd8b000 	C:\WINDOWS\SYSTEM32\USERENV.dll
0x00007ffc208d0000 - 0x00007ffc208f6000 	C:\WINDOWS\SYSTEM32\bcrypt.dll
0x00007ffc1ff00000 - 0x00007ffc1ff0c000 	C:\WINDOWS\SYSTEM32\CRYPTBASE.dll
0x00007ffc1f170000 - 0x00007ffc1f1a3000 	C:\WINDOWS\SYSTEM32\IPHLPAPI.DLL
0x00007ffc23160000 - 0x00007ffc2316a000 	C:\WINDOWS\System32\NSI.dll
0x00007ffc1f200000 - 0x00007ffc1f326000 	C:\WINDOWS\SYSTEM32\DNSAPI.dll
0x00007ffc11530000 - 0x00007ffc1153b000 	C:\Windows\System32\rasadhlp.dll
0x00007ffc174b0000 - 0x00007ffc17536000 	C:\WINDOWS\System32\fwpuclnt.dll

dbghelp: loaded successfully - version: 4.0.5 - missing functions: none
symbol engine: initialized successfully - sym options: 0x614 - pdb path: .;C:\Program Files\Amazon Corretto\jdk21.0.7_6\bin;C:\WINDOWS\SYSTEM32;C:\WINDOWS\WinSxS\amd64_microsoft.windows.common-controls_6595b64144ccf1df_6.0.26100.4484_none_3e0e6d4ce32ef3b3;C:\Program Files\Amazon Corretto\jdk21.0.7_6\bin\server

VM Arguments:
jvm_args: -javaagent:C:\Program Files\JetBrains\IntelliJ IDEA Community Edition 2025.1.3\lib\idea_rt.jar=56241 -Dfile.encoding=UTF-8 -Dsun.stdout.encoding=UTF-8 -Dsun.stderr.encoding=UTF-8 
java_command: gr.aueb.cf.App
java_class_path (initial): D:\Repos\Hibernate-CF8\target\classes;C:\Users\Lykou\.m2\repository\org\hibernate\orm\hibernate-core\6.6.0.Final\hibernate-core-6.6.0.Final.jar;C:\Users\Lykou\.m2\repository\jakarta\persistence\jakarta.persistence-api\3.1.0\jakarta.persistence-api-3.1.0.jar;C:\Users\Lykou\.m2\repository\jakarta\transaction\jakarta.transaction-api\2.0.1\jakarta.transaction-api-2.0.1.jar;C:\Users\Lykou\.m2\repository\org\jboss\logging\jboss-logging\3.5.0.Final\jboss-logging-3.5.0.Final.jar;C:\Users\Lykou\.m2\repository\org\hibernate\common\hibernate-commons-annotations\7.0.1.Final\hibernate-commons-annotations-7.0.1.Final.jar;C:\Users\Lykou\.m2\repository\io\smallrye\jandex\3.2.0\jandex-3.2.0.jar;C:\Users\Lykou\.m2\repository\com\fasterxml\classmate\1.5.1\classmate-1.5.1.jar;C:\Users\Lykou\.m2\repository\net\bytebuddy\byte-buddy\1.14.18\byte-buddy-1.14.18.jar;C:\Users\Lykou\.m2\repository\jakarta\xml\bind\jakarta.xml.bind-api\4.0.0\jakarta.xml.bind-api-4.0.0.jar;C:\Users\Lykou\.m2\repository\jakarta\activation\jakarta.activation-api\2.1.0\jakarta.activation-api-2.1.0.jar;C:\Users\Lykou\.m2\repository\org\glassfish\jaxb\jaxb-runtime\4.0.2\jaxb-runtime-4.0.2.jar;C:\Users\Lykou\.m2\repository\org\glassfish\jaxb\jaxb-core\4.0.2\jaxb-core-4.0.2.jar;C:\Users\Lykou\.m2\repository\org\eclipse\angus\angus-activation\2.0.0\angus-activation-2.0.0.jar;C:\Users\Lykou\.m2\repository\org\glassfish\jaxb\txw2\4.0.2\txw2-4.0.2.jar;C:\Users\Lykou\.m2\repository\com\sun\istack\istack-commons-runtime\4.1.1\istack-commons-runtime-4.1.1.jar;C:\Users\Lykou\.m2\repository\jakarta\inject\jakarta.inject-api\2.0.1\jakarta.inject-api-2.0.1.jar;C:\Users\Lykou\.m2\repository\org\antlr\antlr4-runtime\4.13.0\antlr4-runtime-4.13.0.jar;C:\Users\Lykou\.m2\repository\com\mysql\mysql-connector-j\9.3.0\mysql-connector-j-9.3.0.jar;C:\Users\Lykou\.m2\repository\com\google\protobuf\protobuf-java\4.29.0\protobuf-java-4.29.0.jar
Launcher Type: SUN_STANDARD

[Global flags]
     intx CICompilerCount                          = 4                                         {product} {ergonomic}
     uint ConcGCThreads                            = 2                                         {product} {ergonomic}
     uint G1ConcRefinementThreads                  = 8                                         {product} {ergonomic}
   size_t G1HeapRegionSize                         = 4194304                                   {product} {ergonomic}
    uintx GCDrainStackTargetSize                   = 64                                        {product} {ergonomic}
   size_t InitialHeapSize                          = 536870912                                 {product} {ergonomic}
   size_t MarkStackSize                            = 4194304                                   {product} {ergonomic}
   size_t MaxHeapSize                              = 8581545984                                {product} {ergonomic}
   size_t MaxNewSize                               = 5146411008                                {product} {ergonomic}
   size_t MinHeapDeltaBytes                        = 4194304                                   {product} {ergonomic}
   size_t MinHeapSize                              = 8388608                                   {product} {ergonomic}
    uintx NonNMethodCodeHeapSize                   = 5839372                                {pd product} {ergonomic}
    uintx NonProfiledCodeHeapSize                  = 122909434                              {pd product} {ergonomic}
    uintx ProfiledCodeHeapSize                     = 122909434                              {pd product} {ergonomic}
    uintx ReservedCodeCacheSize                    = 251658240                              {pd product} {ergonomic}
     bool SegmentedCodeCache                       = true                                      {product} {ergonomic}
   size_t SoftMaxHeapSize                          = 8581545984                             {manageable} {ergonomic}
     bool UseCompressedOops                        = true                           {product lp64_product} {ergonomic}
     bool UseG1GC                                  = true                                      {product} {ergonomic}
     bool UseLargePagesIndividualAllocation        = false                                  {pd product} {ergonomic}

Logging:
Log output configuration:
 #0: stdout all=warning uptime,level,tags foldmultilines=false
 #1: stderr all=off uptime,level,tags foldmultilines=false

Environment Variables:
JAVA_HOME=C:\Program Files\Amazon Corretto\jdk21.0.7_6
PATH=C:\Program Files\Amazon Corretto\jdk17.0.15_6\bin;C:\WINDOWS\system32;C:\WINDOWS;C:\WINDOWS\System32\Wbem;C:\WINDOWS\System32\WindowsPowerShell\v1.0\;C:\WINDOWS\System32\OpenSSH\;C:\Program Files (x86)\Microsoft SQL Server\160\Tools\Binn\;C:\Program Files\Microsoft SQL Server\160\Tools\Binn\;C:\Program Files\Microsoft SQL Server\Client SDK\ODBC\170\Tools\Binn\;C:\Program Files\Microsoft SQL Server\160\DTS\Binn\;C:\ProgramData\chocolatey\bin;C:\ProgramData\chocolatey\lib\maven\apache-maven-3.9.10\bin;C:\Users\Lykou\AppData\Local\Programs\Python\Python313\Scripts\;C:\Users\Lykou\AppData\Local\Programs\Python\Python313\;C:\Program Files\MySQL\MySQL Shell 8.0\bin\;C:\Users\Lykou\AppData\Local\Microsoft\WindowsApps;C:\Users\Lykou\AppData\Local\Programs\Microsoft VS Code\bin;C:\Program Files\JetBrains\PyCharm Community Edition 2025.1.2\bin;
USERNAME=Lykou
OS=Windows_NT
PROCESSOR_IDENTIFIER=Intel64 Family 6 Model 158 Stepping 9, GenuineIntel
TMP=C:\Users\Lykou\AppData\Local\Temp
TEMP=C:\Users\Lykou\AppData\Local\Temp




Periodic native trim disabled

---------------  S Y S T E M  ---------------

OS:
 Windows 11 , 64 bit Build 26100 (10.0.26100.4484)
OS uptime: 1 days 23:19 hours
Hyper-V role detected

CPU: total 8 (initial active 8) (4 cores per cpu, 2 threads per core) family 6 model 158 stepping 9 microcode 0xde, cx8, cmov, fxsr, ht, mmx, 3dnowpref, sse, sse2, sse3, ssse3, sse4.1, sse4.2, popcnt, lzcnt, tsc, tscinvbit, avx, avx2, aes, erms, clmul, bmi1, bmi2, rtm, adx, fma, vzeroupper, clflush, clflushopt, hv, rdtscp, f16c
Processor Information for the first 8 processors :
  Max Mhz: 4201, Current Mhz: 4201, Mhz Limit: 4201

Memory: 4k page, system-wide physical 32721M (20630M free)
TotalPageFile size 37841M (AvailPageFile size 23299M)
current process WorkingSet (physical memory assigned to process): 101M, peak: 102M
current process commit charge ("private bytes"): 630M, peak: 631M

vm_info: OpenJDK 64-Bit Server VM (21.0.7+6-LTS) for windows-amd64 JRE (21.0.7+6-LTS), built on 2025-04-14T16:08:54Z by "Administrator" with MS VC++ 16.10 / 16.11 (VS2019)

END.
